mktextfm Inconsolata
mktextfm Inconsolata
mktextfm Inconsolata
mktextfm Inconsolata
mktextfm Inconsolata/B
mktextfm Inconsolata
mktextfm Inconsolata/I
mktextfm Inconsolata
mktextfm Inconsolata/BI
mktextfm Inconsolata
mktextfm Inconsolata
mktextfm Inconsolata
mktextfm Inconsolata
mktextfm Inconsolata/B
mktextfm Inconsolata
mktextfm Inconsolata/I
mktextfm Inconsolata
mktextfm Inconsolata/BI
mktextfm nullfont
mktextfm nullfont
mktextfm nullfont
mktextfm nullfont
mktextfm DejaVu
mktextfm DejaVu
mktextfm DejaVu
mktextfm DejaVu
mktextfm DejaVu/B
mktextfm DejaVu
mktextfm DejaVu/I
mktextfm DejaVu
mktextfm DejaVu/BI
mktextfm DejaVuSans
mktextfm DejaVuSans
mktextfm DejaVuSans
mktextfm DejaVuSans
mktextfm DejaVuSans/B
mktextfm DejaVuSans
mktextfm DejaVuSans/I
mktextfm DejaVuSans
mktextfm DejaVuSans/BI
mktextfm DejaVuMono
mktextfm DejaVuMono
mktextfm DejaVuMono
mktextfm DejaVuMono
mktextfm DejaVuMono/B
mktextfm DejaVuMono
mktextfm DejaVuMono/I
mktextfm DejaVuMono
mktextfm DejaVuMono/BI
mktextfm DejaVuSans
mktextfm DejaVuSans
mktextfm DejaVuSans
mktextfm DejaVuSans
mktextfm DejaVuSans/B
mktextfm DejaVuSans
mktextfm DejaVuSans/I
mktextfm DejaVuSans
mktextfm DejaVuSans/BI
mktextfm DejaVuSansMono
mktextfm DejaVuSansMono
mktextfm DejaVuSansMono
mktextfm DejaVuSansMono
mktextfm DejaVuSansMono/B
mktextfm DejaVuSansMono
mktextfm DejaVuSansMono/I
mktextfm DejaVuSansMono
mktextfm DejaVuSansMono/BI
mktextfm DejaVuSans
mktextfm DejaVuSans
mktextfm DejaVuSans
mktextfm DejaVuSans
mktextfm DejaVuSans/B
mktextfm DejaVuSans
mktextfm DejaVuSans/I
mktextfm DejaVuSans
mktextfm DejaVuSans/BI
mktextfm DejaVuSansMono
mktextfm DejaVuSansMono
mktextfm DejaVuSansMono
mktextfm DejaVuSansMono
mktextfm DejaVuSansMono/B
mktextfm DejaVuSansMono
mktextfm DejaVuSansMono/I
mktextfm DejaVuSansMono
mktextfm DejaVuSansMono/BI
mktextfm DejaVuSans
mktextfm DejaVuSans
mktextfm DejaVuSans
mktextfm DejaVuSans
mktextfm DejaVuSans/B
mktextfm DejaVuSans
mktextfm DejaVuSans/I
mktextfm DejaVuSans
mktextfm DejaVuSans/BI
mktextfm DejaVuSansMono
mktextfm DejaVuSansMono
mktextfm DejaVuSansMono
mktextfm DejaVuSansMono
mktextfm DejaVuSansMono/B
mktextfm DejaVuSansMono
mktextfm DejaVuSansMono/I
mktextfm DejaVuSansMono
mktextfm DejaVuSansMono/BI
mktextfm DejaVuSans
mktextfm DejaVuSans
mktextfm DejaVuSans
mktextfm DejaVuSans
mktextfm DejaVuSans/B
mktextfm DejaVuSans
mktextfm DejaVuSans/I
mktextfm DejaVuSans
mktextfm DejaVuSans/BI
mktextfm DejaVuSansMono
mktextfm DejaVuSansMono
mktextfm DejaVuSansMono
mktextfm DejaVuSansMono
mktextfm DejaVuSansMono/B
mktextfm DejaVuSansMono
mktextfm DejaVuSansMono/I
mktextfm DejaVuSansMono
mktextfm DejaVuSansMono/BI
